<?xml version="1.0" encoding="UTF-8"?>
<!-- Generated by org.testng.reporters.JUnitReportReporter -->
<testsuite skipped="0" hostname="hp" name="TestProj.UtilityApplication" tests="1" failures="0" timestamp="11 May 2020 10:25:35 GMT" time="7.182" errors="0">
  <testcase name="testExecutionflow" time="7.182" classname="TestProj.UtilityApplication"/>
</testsuite> <!-- TestProj.UtilityApplication -->
